[31-Jan-2015 22:34:28 Europe/Moscow] PHP Deprecated:  Assigning the return value of new by reference is deprecated in /var/www/html/phpAPI/classes/doc.php on line 264
[31-Jan-2015 22:34:28 Europe/Moscow] PHP Stack trace:
[31-Jan-2015 22:34:28 Europe/Moscow] PHP   1. {main}() /var/www/html/phpAPI/phpapi.php:0
[31-Jan-2015 22:34:28 Europe/Moscow] PHP Deprecated:  Assigning the return value of new by reference is deprecated in /var/www/html/phpAPI/classes/doc.php on line 274
[31-Jan-2015 22:34:28 Europe/Moscow] PHP Stack trace:
[31-Jan-2015 22:34:28 Europe/Moscow] PHP   1. {main}() /var/www/html/phpAPI/phpapi.php:0
[31-Jan-2015 22:34:28 Europe/Moscow] PHP Deprecated:  Assigning the return value of new by reference is deprecated in /var/www/html/phpAPI/classes/rootDoc.php on line 164
[31-Jan-2015 22:34:28 Europe/Moscow] PHP Stack trace:
[31-Jan-2015 22:34:28 Europe/Moscow] PHP   1. {main}() /var/www/html/phpAPI/phpapi.php:0
[31-Jan-2015 22:34:28 Europe/Moscow] PHP Deprecated:  Assigning the return value of new by reference is deprecated in /var/www/html/phpAPI/classes/fieldDoc.php on line 38
[31-Jan-2015 22:34:28 Europe/Moscow] PHP Stack trace:
[31-Jan-2015 22:34:28 Europe/Moscow] PHP   1. {main}() /var/www/html/phpAPI/phpapi.php:0
[31-Jan-2015 22:34:28 Europe/Moscow] PHP Deprecated:  Assigning the return value of new by reference is deprecated in /var/www/html/phpAPI/classes/classDoc.php on line 365
[31-Jan-2015 22:34:28 Europe/Moscow] PHP Stack trace:
[31-Jan-2015 22:34:28 Europe/Moscow] PHP   1. {main}() /var/www/html/phpAPI/phpapi.php:0
[31-Jan-2015 22:34:28 Europe/Moscow] PHP Deprecated:  Assigning the return value of new by reference is deprecated in /var/www/html/phpAPI/classes/methodDoc.php on line 37
[31-Jan-2015 22:34:28 Europe/Moscow] PHP Stack trace:
[31-Jan-2015 22:34:28 Europe/Moscow] PHP   1. {main}() /var/www/html/phpAPI/phpapi.php:0
[31-Jan-2015 22:34:28 Europe/Moscow] PHP Deprecated:  Assigning the return value of new by reference is deprecated in /var/www/html/phpAPI/classes/phpAPI.php on line 460
[31-Jan-2015 22:34:28 Europe/Moscow] PHP Stack trace:
[31-Jan-2015 22:34:28 Europe/Moscow] PHP   1. {main}() /var/www/html/phpAPI/phpapi.php:0
[31-Jan-2015 22:34:28 Europe/Moscow] PHP Deprecated:  Assigning the return value of new by reference is deprecated in /var/www/html/phpAPI/classes/phpAPI.php on line 536
[31-Jan-2015 22:34:28 Europe/Moscow] PHP Stack trace:
[31-Jan-2015 22:34:28 Europe/Moscow] PHP   1. {main}() /var/www/html/phpAPI/phpapi.php:0
[31-Jan-2015 22:34:28 Europe/Moscow] PHP Deprecated:  Assigning the return value of new by reference is deprecated in /var/www/html/phpAPI/classes/phpAPI.php on line 558
[31-Jan-2015 22:34:28 Europe/Moscow] PHP Stack trace:
[31-Jan-2015 22:34:28 Europe/Moscow] PHP   1. {main}() /var/www/html/phpAPI/phpapi.php:0
[31-Jan-2015 22:34:28 Europe/Moscow] PHP Deprecated:  Assigning the return value of new by reference is deprecated in /var/www/html/phpAPI/classes/phpAPI.php on line 582
[31-Jan-2015 22:34:28 Europe/Moscow] PHP Stack trace:
[31-Jan-2015 22:34:28 Europe/Moscow] PHP   1. {main}() /var/www/html/phpAPI/phpapi.php:0
[31-Jan-2015 22:34:28 Europe/Moscow] PHP Deprecated:  Assigning the return value of new by reference is deprecated in /var/www/html/phpAPI/classes/phpAPI.php on line 696
[31-Jan-2015 22:34:28 Europe/Moscow] PHP Stack trace:
[31-Jan-2015 22:34:28 Europe/Moscow] PHP   1. {main}() /var/www/html/phpAPI/phpapi.php:0
[31-Jan-2015 22:34:28 Europe/Moscow] PHP Deprecated:  Assigning the return value of new by reference is deprecated in /var/www/html/phpAPI/classes/phpAPI.php on line 743
[31-Jan-2015 22:34:28 Europe/Moscow] PHP Stack trace:
[31-Jan-2015 22:34:28 Europe/Moscow] PHP   1. {main}() /var/www/html/phpAPI/phpapi.php:0
[31-Jan-2015 22:34:28 Europe/Moscow] PHP Deprecated:  Assigning the return value of new by reference is deprecated in /var/www/html/phpAPI/classes/phpAPI.php on line 809
[31-Jan-2015 22:34:28 Europe/Moscow] PHP Stack trace:
[31-Jan-2015 22:34:28 Europe/Moscow] PHP   1. {main}() /var/www/html/phpAPI/phpapi.php:0
[31-Jan-2015 22:34:28 Europe/Moscow] PHP Deprecated:  Assigning the return value of new by reference is deprecated in /var/www/html/phpAPI/classes/phpAPI.php on line 861
[31-Jan-2015 22:34:28 Europe/Moscow] PHP Stack trace:
[31-Jan-2015 22:34:28 Europe/Moscow] PHP   1. {main}() /var/www/html/phpAPI/phpapi.php:0
[31-Jan-2015 22:34:28 Europe/Moscow] PHP Deprecated:  Assigning the return value of new by reference is deprecated in /var/www/html/phpAPI/classes/phpAPI.php on line 901
[31-Jan-2015 22:34:28 Europe/Moscow] PHP Stack trace:
[31-Jan-2015 22:34:28 Europe/Moscow] PHP   1. {main}() /var/www/html/phpAPI/phpapi.php:0
[31-Jan-2015 22:34:28 Europe/Moscow] PHP Deprecated:  Assigning the return value of new by reference is deprecated in /var/www/html/phpAPI/classes/phpAPI.php on line 969
[31-Jan-2015 22:34:28 Europe/Moscow] PHP Stack trace:
[31-Jan-2015 22:34:28 Europe/Moscow] PHP   1. {main}() /var/www/html/phpAPI/phpapi.php:0
[31-Jan-2015 22:34:28 Europe/Moscow] PHP Deprecated:  Assigning the return value of new by reference is deprecated in /var/www/html/phpAPI/classes/phpAPI.php on line 1084
[31-Jan-2015 22:34:28 Europe/Moscow] PHP Stack trace:
[31-Jan-2015 22:34:28 Europe/Moscow] PHP   1. {main}() /var/www/html/phpAPI/phpapi.php:0
[31-Jan-2015 22:34:28 Europe/Moscow] PHP Deprecated:  Assigning the return value of new by reference is deprecated in /var/www/html/phpAPI/classes/phpAPI.php on line 1301
[31-Jan-2015 22:34:28 Europe/Moscow] PHP Stack trace:
[31-Jan-2015 22:34:28 Europe/Moscow] PHP   1. {main}() /var/www/html/phpAPI/phpapi.php:0
[31-Jan-2015 22:34:28 Europe/Moscow] PHP Deprecated:  Assigning the return value of new by reference is deprecated in /var/www/html/phpAPI/classes/phpAPI.php on line 1311
[31-Jan-2015 22:34:28 Europe/Moscow] PHP Stack trace:
[31-Jan-2015 22:34:28 Europe/Moscow] PHP   1. {main}() /var/www/html/phpAPI/phpapi.php:0
[31-Jan-2015 22:34:28 Europe/Moscow] PHP Deprecated:  Assigning the return value of new by reference is deprecated in /var/www/html/phpAPI/classes/phpAPI.php on line 1315
[31-Jan-2015 22:34:28 Europe/Moscow] PHP Stack trace:
[31-Jan-2015 22:34:28 Europe/Moscow] PHP   1. {main}() /var/www/html/phpAPI/phpapi.php:0
